Performing C++ SOURCE FILE Test TLFLOAT_COMPILER_SUPPORTS_ISOFLOAT128 failed with the following output:
Change Dir: /home/cniew/CLionProjects/MonteCarloSim/cmake-build-release/libsleef-prefix/src/libsleef-build/ext_tlfloat-prefix/src/ext_tlfloat-build/CMakeFiles/CMakeScratch/TryCompile-DLsJYJ

Run Build Command(s):/usr/bin/gmake -f Makefile cmTC_c42a5/fast && gmake[6]: Entering directory '/home/cniew/CLionProjects/MonteCarloSim/cmake-build-release/libsleef-prefix/src/libsleef-build/ext_tlfloat-prefix/src/ext_tlfloat-build/CMakeFiles/CMakeScratch/TryCompile-DLsJYJ'
/usr/bin/gmake  -f CMakeFiles/cmTC_c42a5.dir/build.make CMakeFiles/cmTC_c42a5.dir/build
gmake[7]: Entering directory '/home/cniew/CLionProjects/MonteCarloSim/cmake-build-release/libsleef-prefix/src/libsleef-build/ext_tlfloat-prefix/src/ext_tlfloat-build/CMakeFiles/CMakeScratch/TryCompile-DLsJYJ'
Building CXX object CMakeFiles/cmTC_c42a5.dir/src.cxx.o
/usr/bin/c++ -DTLFLOAT_COMPILER_SUPPORTS_ISOFLOAT128  -fPIE -std=gnu++20 -o CMakeFiles/cmTC_c42a5.dir/src.cxx.o -c /home/cniew/CLionProjects/MonteCarloSim/cmake-build-release/libsleef-prefix/src/libsleef-build/ext_tlfloat-prefix/src/ext_tlfloat-build/CMakeFiles/CMakeScratch/TryCompile-DLsJYJ/src.cxx
/home/cniew/CLionProjects/MonteCarloSim/cmake-build-release/libsleef-prefix/src/libsleef-build/ext_tlfloat-prefix/src/ext_tlfloat-build/CMakeFiles/CMakeScratch/TryCompile-DLsJYJ/src.cxx: In function ‘int main(int, char**)’:
/home/cniew/CLionProjects/MonteCarloSim/cmake-build-release/libsleef-prefix/src/libsleef-build/ext_tlfloat-prefix/src/ext_tlfloat-build/CMakeFiles/CMakeScratch/TryCompile-DLsJYJ/src.cxx:5:36: error: ‘_Float128’ was not declared in this scope; did you mean ‘__float128’?
    5 |   constexpr s a = std::bit_cast<s>(_Float128(0.1234)*_Float128(56.789));
      |                                    ^~~~~~~~~
      |                                    __float128
/home/cniew/CLionProjects/MonteCarloSim/cmake-build-release/libsleef-prefix/src/libsleef-build/ext_tlfloat-prefix/src/ext_tlfloat-build/CMakeFiles/CMakeScratch/TryCompile-DLsJYJ/src.cxx:6:29: error: non-constant condition for static assertion
    6 |   static_assert((a.x ^ a.y) == 0xc7d695c93a4e2b71LL);
      |                 ~~~~~~~~~~~~^~~~~~~~~~~~~~~~~~~~~~~
/home/cniew/CLionProjects/MonteCarloSim/cmake-build-release/libsleef-prefix/src/libsleef-build/ext_tlfloat-prefix/src/ext_tlfloat-build/CMakeFiles/CMakeScratch/TryCompile-DLsJYJ/src.cxx:7:12: error: expected ‘;’ before ‘i’
    7 |   _Float128 i = argc;
      |            ^~
      |            ;
/home/cniew/CLionProjects/MonteCarloSim/cmake-build-release/libsleef-prefix/src/libsleef-build/ext_tlfloat-prefix/src/ext_tlfloat-build/CMakeFiles/CMakeScratch/TryCompile-DLsJYJ/src.cxx:8:15: error: ‘i’ was not declared in this scope
    8 |   return (int)i;
      |               ^
gmake[7]: *** [CMakeFiles/cmTC_c42a5.dir/build.make:78: CMakeFiles/cmTC_c42a5.dir/src.cxx.o] Error 1
gmake[7]: Leaving directory '/home/cniew/CLionProjects/MonteCarloSim/cmake-build-release/libsleef-prefix/src/libsleef-build/ext_tlfloat-prefix/src/ext_tlfloat-build/CMakeFiles/CMakeScratch/TryCompile-DLsJYJ'
gmake[6]: *** [Makefile:127: cmTC_c42a5/fast] Error 2
gmake[6]: Leaving directory '/home/cniew/CLionProjects/MonteCarloSim/cmake-build-release/libsleef-prefix/src/libsleef-build/ext_tlfloat-prefix/src/ext_tlfloat-build/CMakeFiles/CMakeScratch/TryCompile-DLsJYJ'


Source file was:

#include <bit>
struct s { long long x, y; };
int main(int argc, char **argv) {
  constexpr s a = std::bit_cast<s>(_Float128(0.1234)*_Float128(56.789));
  static_assert((a.x ^ a.y) == 0xc7d695c93a4e2b71LL);
  _Float128 i = argc;
  return (int)i;
}


Performing C++ SOURCE FILE Test TLFLOAT_LONGDOUBLE_IS_FLOAT128 failed with the following output:
Change Dir: /home/cniew/CLionProjects/MonteCarloSim/cmake-build-release/libsleef-prefix/src/libsleef-build/ext_tlfloat-prefix/src/ext_tlfloat-build/CMakeFiles/CMakeScratch/TryCompile-ALTObu

Run Build Command(s):/usr/bin/gmake -f Makefile cmTC_70fbf/fast && gmake[6]: Entering directory '/home/cniew/CLionProjects/MonteCarloSim/cmake-build-release/libsleef-prefix/src/libsleef-build/ext_tlfloat-prefix/src/ext_tlfloat-build/CMakeFiles/CMakeScratch/TryCompile-ALTObu'
/usr/bin/gmake  -f CMakeFiles/cmTC_70fbf.dir/build.make CMakeFiles/cmTC_70fbf.dir/build
gmake[7]: Entering directory '/home/cniew/CLionProjects/MonteCarloSim/cmake-build-release/libsleef-prefix/src/libsleef-build/ext_tlfloat-prefix/src/ext_tlfloat-build/CMakeFiles/CMakeScratch/TryCompile-ALTObu'
Building CXX object CMakeFiles/cmTC_70fbf.dir/src.cxx.o
/usr/bin/c++ -DTLFLOAT_LONGDOUBLE_IS_FLOAT128  -fPIE -std=gnu++20 -o CMakeFiles/cmTC_70fbf.dir/src.cxx.o -c /home/cniew/CLionProjects/MonteCarloSim/cmake-build-release/libsleef-prefix/src/libsleef-build/ext_tlfloat-prefix/src/ext_tlfloat-build/CMakeFiles/CMakeScratch/TryCompile-ALTObu/src.cxx
/home/cniew/CLionProjects/MonteCarloSim/cmake-build-release/libsleef-prefix/src/libsleef-build/ext_tlfloat-prefix/src/ext_tlfloat-build/CMakeFiles/CMakeScratch/TryCompile-ALTObu/src.cxx: In function ‘int main()’:
/home/cniew/CLionProjects/MonteCarloSim/cmake-build-release/libsleef-prefix/src/libsleef-build/ext_tlfloat-prefix/src/ext_tlfloat-build/CMakeFiles/CMakeScratch/TryCompile-ALTObu/src.cxx:6:29: error: static assertion failed
    6 |   static_assert((a.x ^ a.y) == 0xc7d695c93a4e2b71LL);
      |                 ~~~~~~~~~~~~^~~~~~~~~~~~~~~~~~~~~~~
/home/cniew/CLionProjects/MonteCarloSim/cmake-build-release/libsleef-prefix/src/libsleef-build/ext_tlfloat-prefix/src/ext_tlfloat-build/CMakeFiles/CMakeScratch/TryCompile-ALTObu/src.cxx:6:29: note: the comparison reduces to ‘(16158800401439163373 == 14399861550062906225)’
gmake[7]: *** [CMakeFiles/cmTC_70fbf.dir/build.make:78: CMakeFiles/cmTC_70fbf.dir/src.cxx.o] Error 1
gmake[7]: Leaving directory '/home/cniew/CLionProjects/MonteCarloSim/cmake-build-release/libsleef-prefix/src/libsleef-build/ext_tlfloat-prefix/src/ext_tlfloat-build/CMakeFiles/CMakeScratch/TryCompile-ALTObu'
gmake[6]: *** [Makefile:127: cmTC_70fbf/fast] Error 2
gmake[6]: Leaving directory '/home/cniew/CLionProjects/MonteCarloSim/cmake-build-release/libsleef-prefix/src/libsleef-build/ext_tlfloat-prefix/src/ext_tlfloat-build/CMakeFiles/CMakeScratch/TryCompile-ALTObu'


Source file was:

#include <bit>
struct s { long long x, y; };
int main(void) {
  constexpr s a = std::bit_cast<s>((long double)0.1234*(long double)56.789);
  static_assert((a.x ^ a.y) == 0xc7d695c93a4e2b71LL);
}


Performing C++ SOURCE FILE Test TLFLOAT_COMPILER_SUPPORTS_ARM_FP16 failed with the following output:
Change Dir: /home/cniew/CLionProjects/MonteCarloSim/cmake-build-release/libsleef-prefix/src/libsleef-build/ext_tlfloat-prefix/src/ext_tlfloat-build/CMakeFiles/CMakeScratch/TryCompile-8EfS81

Run Build Command(s):/usr/bin/gmake -f Makefile cmTC_6115d/fast && gmake[6]: Entering directory '/home/cniew/CLionProjects/MonteCarloSim/cmake-build-release/libsleef-prefix/src/libsleef-build/ext_tlfloat-prefix/src/ext_tlfloat-build/CMakeFiles/CMakeScratch/TryCompile-8EfS81'
/usr/bin/gmake  -f CMakeFiles/cmTC_6115d.dir/build.make CMakeFiles/cmTC_6115d.dir/build
gmake[7]: Entering directory '/home/cniew/CLionProjects/MonteCarloSim/cmake-build-release/libsleef-prefix/src/libsleef-build/ext_tlfloat-prefix/src/ext_tlfloat-build/CMakeFiles/CMakeScratch/TryCompile-8EfS81'
Building CXX object CMakeFiles/cmTC_6115d.dir/src.cxx.o
/usr/bin/c++ -DTLFLOAT_COMPILER_SUPPORTS_ARM_FP16  -march=armv8.2-a+fp16 -fPIE -std=gnu++20 -o CMakeFiles/cmTC_6115d.dir/src.cxx.o -c /home/cniew/CLionProjects/MonteCarloSim/cmake-build-release/libsleef-prefix/src/libsleef-build/ext_tlfloat-prefix/src/ext_tlfloat-build/CMakeFiles/CMakeScratch/TryCompile-8EfS81/src.cxx
cc1plus: error: bad value ‘armv8.2-a+fp16’ for ‘-march=’ switch
cc1plus: note: valid arguments to ‘-march=’ switch are: nocona core2 nehalem corei7 westmere sandybridge corei7-avx ivybridge core-avx-i haswell core-avx2 broadwell skylake skylake-avx512 cannonlake icelake-client rocketlake icelake-server cascadelake tigerlake cooperlake sapphirerapids alderlake bonnell atom silvermont slm goldmont goldmont-plus tremont knl knm x86-64 x86-64-v2 x86-64-v3 x86-64-v4 eden-x2 nano nano-1000 nano-2000 nano-3000 nano-x2 eden-x4 nano-x4 k8 k8-sse3 opteron opteron-sse3 athlon64 athlon64-sse3 athlon-fx amdfam10 barcelona bdver1 bdver2 bdver3 bdver4 znver1 znver2 znver3 btver1 btver2 native
gmake[7]: *** [CMakeFiles/cmTC_6115d.dir/build.make:78: CMakeFiles/cmTC_6115d.dir/src.cxx.o] Error 1
gmake[7]: Leaving directory '/home/cniew/CLionProjects/MonteCarloSim/cmake-build-release/libsleef-prefix/src/libsleef-build/ext_tlfloat-prefix/src/ext_tlfloat-build/CMakeFiles/CMakeScratch/TryCompile-8EfS81'
gmake[6]: *** [Makefile:127: cmTC_6115d/fast] Error 2
gmake[6]: Leaving directory '/home/cniew/CLionProjects/MonteCarloSim/cmake-build-release/libsleef-prefix/src/libsleef-build/ext_tlfloat-prefix/src/ext_tlfloat-build/CMakeFiles/CMakeScratch/TryCompile-8EfS81'


Source file was:

#include <cstdlib>
#include <arm_fp16.h>
int main(int argc, char **argv) {
  __fp16 hu = vaddh_f16(__fp16(atof(argv[1])), __fp16(0.2));
  bool b = vceqh_f16(__fp16(atof(argv[1])), __fp16(0.2));
  return (int)hu + (int)b;
}

Performing C++ SOURCE FILE Test TLFLOAT_COMPILER_SUPPORTS_FP16 failed with the following output:
Change Dir: /home/cniew/CLionProjects/MonteCarloSim/cmake-build-release/libsleef-prefix/src/libsleef-build/ext_tlfloat-prefix/src/ext_tlfloat-build/CMakeFiles/CMakeScratch/TryCompile-ewq1aM

Run Build Command(s):/usr/bin/gmake -f Makefile cmTC_ac83d/fast && gmake[6]: Entering directory '/home/cniew/CLionProjects/MonteCarloSim/cmake-build-release/libsleef-prefix/src/libsleef-build/ext_tlfloat-prefix/src/ext_tlfloat-build/CMakeFiles/CMakeScratch/TryCompile-ewq1aM'
/usr/bin/gmake  -f CMakeFiles/cmTC_ac83d.dir/build.make CMakeFiles/cmTC_ac83d.dir/build
gmake[7]: Entering directory '/home/cniew/CLionProjects/MonteCarloSim/cmake-build-release/libsleef-prefix/src/libsleef-build/ext_tlfloat-prefix/src/ext_tlfloat-build/CMakeFiles/CMakeScratch/TryCompile-ewq1aM'
Building CXX object CMakeFiles/cmTC_ac83d.dir/src.cxx.o
/usr/bin/c++ -DTLFLOAT_COMPILER_SUPPORTS_FP16  -fPIE -std=gnu++20 -o CMakeFiles/cmTC_ac83d.dir/src.cxx.o -c /home/cniew/CLionProjects/MonteCarloSim/cmake-build-release/libsleef-prefix/src/libsleef-build/ext_tlfloat-prefix/src/ext_tlfloat-build/CMakeFiles/CMakeScratch/TryCompile-ewq1aM/src.cxx
/home/cniew/CLionProjects/MonteCarloSim/cmake-build-release/libsleef-prefix/src/libsleef-build/ext_tlfloat-prefix/src/ext_tlfloat-build/CMakeFiles/CMakeScratch/TryCompile-ewq1aM/src.cxx: In function ‘int main(int, char**)’:
/home/cniew/CLionProjects/MonteCarloSim/cmake-build-release/libsleef-prefix/src/libsleef-build/ext_tlfloat-prefix/src/ext_tlfloat-build/CMakeFiles/CMakeScratch/TryCompile-ewq1aM/src.cxx:6:1: error: ‘__fp16’ was not declared in this scope
    6 | __fp16 a = (__fp16)(float)atof(argv[1]);
      | ^~~~~~
/home/cniew/CLionProjects/MonteCarloSim/cmake-build-release/libsleef-prefix/src/libsleef-build/ext_tlfloat-prefix/src/ext_tlfloat-build/CMakeFiles/CMakeScratch/TryCompile-ewq1aM/src.cxx:7:42: error: ‘a’ was not declared in this scope
    7 | __uint16_t u = std::bit_cast<__uint16_t>(a);
      |                                          ^
/home/cniew/CLionProjects/MonteCarloSim/cmake-build-release/libsleef-prefix/src/libsleef-build/ext_tlfloat-prefix/src/ext_tlfloat-build/CMakeFiles/CMakeScratch/TryCompile-ewq1aM/src.cxx:8:26: error: no matching function for call to ‘bit_cast<__fp16>(__uint16_t&)’
    8 | a = std::bit_cast<__fp16>(u);
      |     ~~~~~~~~~~~~~~~~~~~~~^~~
In file included from /home/cniew/CLionProjects/MonteCarloSim/cmake-build-release/libsleef-prefix/src/libsleef-build/ext_tlfloat-prefix/src/ext_tlfloat-build/CMakeFiles/CMakeScratch/TryCompile-ewq1aM/src.cxx:4:
/usr/include/c++/12/bit:81:5: note: candidate: ‘template<class _To, class _From> constexpr _To std::bit_cast(const _From&) requires  sizeof (_To) == sizeof (_From) && __is_trivially_copyable(_To) && __is_trivially_copyable(_From)’
   81 |     bit_cast(const _From& __from) noexcept
      |     ^~~~~~~~
/usr/include/c++/12/bit:81:5: note:   template argument deduction/substitution failed:
gmake[7]: *** [CMakeFiles/cmTC_ac83d.dir/build.make:78: CMakeFiles/cmTC_ac83d.dir/src.cxx.o] Error 1
gmake[7]: Leaving directory '/home/cniew/CLionProjects/MonteCarloSim/cmake-build-release/libsleef-prefix/src/libsleef-build/ext_tlfloat-prefix/src/ext_tlfloat-build/CMakeFiles/CMakeScratch/TryCompile-ewq1aM'
gmake[6]: *** [Makefile:127: cmTC_ac83d/fast] Error 2
gmake[6]: Leaving directory '/home/cniew/CLionProjects/MonteCarloSim/cmake-build-release/libsleef-prefix/src/libsleef-build/ext_tlfloat-prefix/src/ext_tlfloat-build/CMakeFiles/CMakeScratch/TryCompile-ewq1aM'


Source file was:

#include <cstdlib>
#include <cstdint>
#include <bit>
int main(int argc, char **argv) {
__fp16 a = (__fp16)(float)atof(argv[1]);
__uint16_t u = std::bit_cast<__uint16_t>(a);
a = std::bit_cast<__fp16>(u);
return (float)a; }


Performing C++ SOURCE FILE Test TLFLOAT_COMPILER_SUPPORTS_BF16 failed with the following output:
Change Dir: /home/cniew/CLionProjects/MonteCarloSim/cmake-build-release/libsleef-prefix/src/libsleef-build/ext_tlfloat-prefix/src/ext_tlfloat-build/CMakeFiles/CMakeScratch/TryCompile-3ibzER

Run Build Command(s):/usr/bin/gmake -f Makefile cmTC_99f54/fast && gmake[6]: Entering directory '/home/cniew/CLionProjects/MonteCarloSim/cmake-build-release/libsleef-prefix/src/libsleef-build/ext_tlfloat-prefix/src/ext_tlfloat-build/CMakeFiles/CMakeScratch/TryCompile-3ibzER'
/usr/bin/gmake  -f CMakeFiles/cmTC_99f54.dir/build.make CMakeFiles/cmTC_99f54.dir/build
gmake[7]: Entering directory '/home/cniew/CLionProjects/MonteCarloSim/cmake-build-release/libsleef-prefix/src/libsleef-build/ext_tlfloat-prefix/src/ext_tlfloat-build/CMakeFiles/CMakeScratch/TryCompile-3ibzER'
Building CXX object CMakeFiles/cmTC_99f54.dir/src.cxx.o
/usr/bin/c++ -DTLFLOAT_COMPILER_SUPPORTS_BF16  -fPIE -std=gnu++20 -o CMakeFiles/cmTC_99f54.dir/src.cxx.o -c /home/cniew/CLionProjects/MonteCarloSim/cmake-build-release/libsleef-prefix/src/libsleef-build/ext_tlfloat-prefix/src/ext_tlfloat-build/CMakeFiles/CMakeScratch/TryCompile-3ibzER/src.cxx
/home/cniew/CLionProjects/MonteCarloSim/cmake-build-release/libsleef-prefix/src/libsleef-build/ext_tlfloat-prefix/src/ext_tlfloat-build/CMakeFiles/CMakeScratch/TryCompile-3ibzER/src.cxx: In function ‘int main(int, char**)’:
/home/cniew/CLionProjects/MonteCarloSim/cmake-build-release/libsleef-prefix/src/libsleef-build/ext_tlfloat-prefix/src/ext_tlfloat-build/CMakeFiles/CMakeScratch/TryCompile-3ibzER/src.cxx:6:1: error: ‘__bf16’ was not declared in this scope
    6 | __bf16 a = (__bf16)(float)atof(argv[1]);
      | ^~~~~~
/home/cniew/CLionProjects/MonteCarloSim/cmake-build-release/libsleef-prefix/src/libsleef-build/ext_tlfloat-prefix/src/ext_tlfloat-build/CMakeFiles/CMakeScratch/TryCompile-3ibzER/src.cxx:7:42: error: ‘a’ was not declared in this scope
    7 | __uint16_t u = std::bit_cast<__uint16_t>(a);
      |                                          ^
/home/cniew/CLionProjects/MonteCarloSim/cmake-build-release/libsleef-prefix/src/libsleef-build/ext_tlfloat-prefix/src/ext_tlfloat-build/CMakeFiles/CMakeScratch/TryCompile-3ibzER/src.cxx:8:26: error: no matching function for call to ‘bit_cast<__bf16>(__uint16_t&)’
    8 | a = std::bit_cast<__bf16>(u);
      |     ~~~~~~~~~~~~~~~~~~~~~^~~
In file included from /home/cniew/CLionProjects/MonteCarloSim/cmake-build-release/libsleef-prefix/src/libsleef-build/ext_tlfloat-prefix/src/ext_tlfloat-build/CMakeFiles/CMakeScratch/TryCompile-3ibzER/src.cxx:4:
/usr/include/c++/12/bit:81:5: note: candidate: ‘template<class _To, class _From> constexpr _To std::bit_cast(const _From&) requires  sizeof (_To) == sizeof (_From) && __is_trivially_copyable(_To) && __is_trivially_copyable(_From)’
   81 |     bit_cast(const _From& __from) noexcept
      |     ^~~~~~~~
/usr/include/c++/12/bit:81:5: note:   template argument deduction/substitution failed:
gmake[7]: *** [CMakeFiles/cmTC_99f54.dir/build.make:78: CMakeFiles/cmTC_99f54.dir/src.cxx.o] Error 1
gmake[7]: Leaving directory '/home/cniew/CLionProjects/MonteCarloSim/cmake-build-release/libsleef-prefix/src/libsleef-build/ext_tlfloat-prefix/src/ext_tlfloat-build/CMakeFiles/CMakeScratch/TryCompile-3ibzER'
gmake[6]: *** [Makefile:127: cmTC_99f54/fast] Error 2
gmake[6]: Leaving directory '/home/cniew/CLionProjects/MonteCarloSim/cmake-build-release/libsleef-prefix/src/libsleef-build/ext_tlfloat-prefix/src/ext_tlfloat-build/CMakeFiles/CMakeScratch/TryCompile-3ibzER'


Source file was:

#include <cstdlib>
#include <cstdint>
#include <bit>
int main(int argc, char **argv) {
__bf16 a = (__bf16)(float)atof(argv[1]);
__uint16_t u = std::bit_cast<__uint16_t>(a);
a = std::bit_cast<__bf16>(u);
return (float)a; }


